--------------- Rebuild Started: 04/07/2026 18:23:30 Project: 4 - Pendulo, Configuration: ARM GCC 5.4-2016-q2-update Debug ---------------
Deleting file ".\CortexM3\ARM_GCC_541\Debug\main.o"
Deleting file ".\CortexM3\ARM_GCC_541\Debug\motor.o"
Deleting file ".\CortexM3\ARM_GCC_541\Debug\pid.o"
Deleting file ".\CortexM3\ARM_GCC_541\Debug\pendulo.o"
Deleting file ".\CortexM3\ARM_GCC_541\Debug\uartp_pend.o"
Deleting file ".\CortexM3\ARM_GCC_541\Debug\ctrl_pend.o"
Deleting file ".\CortexM3\ARM_GCC_541\Debug\uartp2.o"
Deleting file ".\CortexM3\ARM_GCC_541\Debug\arm_add_f32.o"
Deleting file ".\CortexM3\ARM_GCC_541\Debug\arm_dot_prod_f32.o"
Deleting file ".\CortexM3\ARM_GCC_541\Debug\arm_mat_init_f32.o"
Deleting file ".\CortexM3\ARM_GCC_541\Debug\arm_mat_mult_f32.o"
Deleting file ".\CortexM3\ARM_GCC_541\Debug\arm_scale_f32.o"
Deleting file ".\CortexM3\ARM_GCC_541\Debug\arm_dot_prod_q31.o"
Deleting file ".\CortexM3\ARM_GCC_541\Debug\arm_scale_q31.o"
Deleting file ".\CortexM3\ARM_GCC_541\Debug\arm_add_q31.o"
Deleting file ".\CortexM3\ARM_GCC_541\Debug\arm_float_to_q31.o"
Deleting file ".\CortexM3\ARM_GCC_541\Debug\arm_q31_to_float.o"
Deleting file ".\CortexM3\ARM_GCC_541\Debug\arm_dot_prod_q15.o"
Deleting file ".\CortexM3\ARM_GCC_541\Debug\arm_scale_q15.o"
Deleting file ".\CortexM3\ARM_GCC_541\Debug\arm_add_q15.o"
Deleting file ".\CortexM3\ARM_GCC_541\Debug\arm_float_to_q15.o"
Deleting file ".\CortexM3\ARM_GCC_541\Debug\arm_q15_to_float.o"
Deleting file ".\CortexM3\ARM_GCC_541\Debug\arm_dot_prod_q7.o"
Deleting file ".\CortexM3\ARM_GCC_541\Debug\arm_scale_q7.o"
Deleting file ".\CortexM3\ARM_GCC_541\Debug\arm_add_q7.o"
Deleting file ".\CortexM3\ARM_GCC_541\Debug\arm_float_to_q7.o"
Deleting file ".\CortexM3\ARM_GCC_541\Debug\arm_q7_to_float.o"
Deleting file ".\CortexM3\ARM_GCC_541\Debug\cyfitter_cfg.o"
Deleting file ".\CortexM3\ARM_GCC_541\Debug\cymetadata.o"
Deleting file ".\CortexM3\ARM_GCC_541\Debug\Timer_1.o"
Deleting file ".\CortexM3\ARM_GCC_541\Debug\Timer_1_PM.o"
Deleting file ".\CortexM3\ARM_GCC_541\Debug\QuadDec_1.o"
Deleting file ".\CortexM3\ARM_GCC_541\Debug\QuadDec_1_INT.o"
Deleting file ".\CortexM3\ARM_GCC_541\Debug\QuadDec_1_PM.o"
Deleting file ".\CortexM3\ARM_GCC_541\Debug\isr_1.o"
Deleting file ".\CortexM3\ARM_GCC_541\Debug\QuadDec_2.o"
Deleting file ".\CortexM3\ARM_GCC_541\Debug\QuadDec_2_INT.o"
Deleting file ".\CortexM3\ARM_GCC_541\Debug\QuadDec_2_PM.o"
Deleting file ".\CortexM3\ARM_GCC_541\Debug\quad_A_pendulo.o"
Deleting file ".\CortexM3\ARM_GCC_541\Debug\quad_B_pendulo.o"
Deleting file ".\CortexM3\ARM_GCC_541\Debug\quad_A_motor.o"
Deleting file ".\CortexM3\ARM_GCC_541\Debug\quad_B_motor.o"
Deleting file ".\CortexM3\ARM_GCC_541\Debug\QuadDec_1_isr.o"
Deleting file ".\CortexM3\ARM_GCC_541\Debug\QuadDec_1_Cnt16.o"
Deleting file ".\CortexM3\ARM_GCC_541\Debug\QuadDec_1_Cnt16_PM.o"
Deleting file ".\CortexM3\ARM_GCC_541\Debug\QuadDec_2_isr.o"
Deleting file ".\CortexM3\ARM_GCC_541\Debug\QuadDec_2_Cnt16.o"
Deleting file ".\CortexM3\ARM_GCC_541\Debug\QuadDec_2_Cnt16_PM.o"
Deleting file ".\CortexM3\ARM_GCC_541\Debug\Cm3Start.o"
Deleting file ".\CortexM3\ARM_GCC_541\Debug\CyBootAsmGnu.o"
Deleting file ".\CortexM3\ARM_GCC_541\Debug\CyDmac.o"
Deleting file ".\CortexM3\ARM_GCC_541\Debug\CyFlash.o"
Deleting file ".\CortexM3\ARM_GCC_541\Debug\CyLib.o"
Deleting file ".\CortexM3\ARM_GCC_541\Debug\cyPm.o"
Deleting file ".\CortexM3\ARM_GCC_541\Debug\CySpc.o"
Deleting file ".\CortexM3\ARM_GCC_541\Debug\cyutils.o"
Deleting file ".\CortexM3\ARM_GCC_541\Debug\cy_em_eeprom.o"
Deleting file ".\CortexM3\ARM_GCC_541\Debug\Pin_ENA.o"
Deleting file ".\CortexM3\ARM_GCC_541\Debug\PWM_Motor.o"
Deleting file ".\CortexM3\ARM_GCC_541\Debug\PWM_Motor_PM.o"
Deleting file ".\CortexM3\ARM_GCC_541\Debug\BUS_CLK.o"
Deleting file ".\CortexM3\ARM_GCC_541\Debug\Pin_IN1.o"
Deleting file ".\CortexM3\ARM_GCC_541\Debug\Pin_IN2.o"
Deleting file ".\CortexM3\ARM_GCC_541\Debug\UART_1.o"
Deleting file ".\CortexM3\ARM_GCC_541\Debug\UART_1_PM.o"
Deleting file ".\CortexM3\ARM_GCC_541\Debug\UART_1_INT.o"
Deleting file ".\CortexM3\ARM_GCC_541\Debug\UART_1_BOOT.o"
Deleting file ".\CortexM3\ARM_GCC_541\Debug\UART_1_IntClock.o"
Deleting file ".\CortexM3\ARM_GCC_541\Debug\isr_2.o"
Deleting file ".\CortexM3\ARM_GCC_541\Debug\tc_timer.o"
Deleting file ".\CortexM3\ARM_GCC_541\Debug\pin_flag.o"
Deleting file ".\CortexM3\ARM_GCC_541\Debug\4 - Pendulo.hex"
Deleting file ".\CortexM3\ARM_GCC_541\Debug\4 - Pendulo.map"
Deleting file ".\4 - Pendulo.cycdx"
Deleting file ".\4 - Pendulo.svd"
Deleting file ".\4 - Pendulo.rpt"
Deleting file ".\4 - Pendulo_timing.html"
Deleting file ".\CortexM3\ARM_GCC_541\Debug\.deps\SOURCE_C__ARM_GCC_GENERIC.P"
Deleting file ".\CortexM3\ARM_GCC_541\Debug\.deps\SOURCE_ASM__ARM_GCC_GENERIC.P"
cydsfit.exe -.appdatapath "C:\Users\user\AppData\Local\Cypress Semiconductor\PSoC Creator\4.4" -.fdsnotice -.fdswarpdepfile=warp_dependencies.txt -.fdselabdepfile=elab_dependencies.txt -.fdsbldfile=generated_files.txt -.fdsreffile=referenced_files.txt -p "D:\PSoc\Auto\TPF\TPF_PenduloInvertido\4 - Pendulo.cydsn\4 - Pendulo.cyprj" -d CY8C5888LTI-LP097 -s "D:\PSoc\Auto\TPF\TPF_PenduloInvertido\4 - Pendulo.cydsn\Generated_Source\PSoC5" -- -yv2 -q10 -ygs -o2 -v3 -.fftcfgtype=LE
Elaborating Design...
ADD: fit.M0032: warning: Clock Warning: (UART_1_IntClock's accuracy range '8 MHz +/- 1%, (7.92 MHz - 8.08 MHz)' is not within the specified tolerance range '7.373 MHz +/- 3.937%, (7.083 MHz - 7.663 MHz)'.).
 * D:\PSoc\Auto\TPF\TPF_PenduloInvertido\4 - Pendulo.cydsn\4 - Pendulo.cydwr (UART_1_IntClock)
 * D:\PSoc\PSoC Creator\4.4\PSoC Creator\psoc\content\CyComponentLibrary\CyComponentLibrary.cylib\UART_v2_50\UART_v2_50.cysch (Instance:IntClock)
HDL Generation...
Synthesis...
Tech Mapping...
ADD: pft.M0040: information: The following 2 pin(s) will be assigned a location by the fitter: quad_A_pendulo(0), quad_B_pendulo(0)
Analog Placement...
Analog Routing...
Analog Code Generation...
Digital Placement...
Digital Routing...
Bitstream Generation...
Bitstream Verification...
Static timing analysis...
API Generation...
Dependency Generation...
Cleanup...
arm-none-eabi-gcc.exe -mcpu=cortex-m3 -mthumb -I..\DSP\Include -I..\DSP\Include\dsp -I. -IGenerated_Source\PSoC5 -Wa,-alh=.\CortexM3\ARM_GCC_541\Debug/main.lst -g -D DEBUG -D CY_CORE_ID=0 -Wall -ffunction-sections -ffat-lto-objects -Og -c main.c -o .\CortexM3\ARM_GCC_541\Debug\main.o
arm-none-eabi-gcc.exe -mcpu=cortex-m3 -mthumb -I..\DSP\Include -I..\DSP\Include\dsp -I. -IGenerated_Source\PSoC5 -Wa,-alh=.\CortexM3\ARM_GCC_541\Debug/motor.lst -g -D DEBUG -D CY_CORE_ID=0 -Wall -ffunction-sections -ffat-lto-objects -Og -c motor.c -o .\CortexM3\ARM_GCC_541\Debug\motor.o
arm-none-eabi-gcc.exe -mcpu=cortex-m3 -mthumb -I..\DSP\Include -I..\DSP\Include\dsp -I. -IGenerated_Source\PSoC5 -Wa,-alh=.\CortexM3\ARM_GCC_541\Debug/pid.lst -g -D DEBUG -D CY_CORE_ID=0 -Wall -ffunction-sections -ffat-lto-objects -Og -c pid.c -o .\CortexM3\ARM_GCC_541\Debug\pid.o
arm-none-eabi-gcc.exe -mcpu=cortex-m3 -mthumb -I..\DSP\Include -I..\DSP\Include\dsp -I. -IGenerated_Source\PSoC5 -Wa,-alh=.\CortexM3\ARM_GCC_541\Debug/pendulo.lst -g -D DEBUG -D CY_CORE_ID=0 -Wall -ffunction-sections -ffat-lto-objects -Og -c pendulo.c -o .\CortexM3\ARM_GCC_541\Debug\pendulo.o
arm-none-eabi-gcc.exe -mcpu=cortex-m3 -mthumb -I..\DSP\Include -I..\DSP\Include\dsp -I. -IGenerated_Source\PSoC5 -Wa,-alh=.\CortexM3\ARM_GCC_541\Debug/uartp_pend.lst -g -D DEBUG -D CY_CORE_ID=0 -Wall -ffunction-sections -ffat-lto-objects -Og -c uartp_pend.c -o .\CortexM3\ARM_GCC_541\Debug\uartp_pend.o
arm-none-eabi-gcc.exe -mcpu=cortex-m3 -mthumb -I..\DSP\Include -I..\DSP\Include\dsp -I. -IGenerated_Source\PSoC5 -Wa,-alh=.\CortexM3\ARM_GCC_541\Debug/ctrl_pend.lst -g -D DEBUG -D CY_CORE_ID=0 -Wall -ffunction-sections -ffat-lto-objects -Og -c ctrl_pend.c -o .\CortexM3\ARM_GCC_541\Debug\ctrl_pend.o
arm-none-eabi-gcc.exe -mcpu=cortex-m3 -mthumb -I..\DSP\Include -I..\DSP\Include\dsp -I. -IGenerated_Source\PSoC5 -Wa,-alh=.\CortexM3\ARM_GCC_541\Debug/uartp2.lst -g -D DEBUG -D CY_CORE_ID=0 -Wall -ffunction-sections -ffat-lto-objects -Og -c uartp2.c -o .\CortexM3\ARM_GCC_541\Debug\uartp2.o
arm-none-eabi-gcc.exe -mcpu=cortex-m3 -mthumb -I..\DSP\Include -I..\DSP\Include\dsp -I. -IGenerated_Source\PSoC5 -Wa,-alh=.\CortexM3\ARM_GCC_541\Debug/arm_add_f32.lst -g -D DEBUG -D CY_CORE_ID=0 -Wall -ffunction-sections -ffat-lto-objects -Og -c arm_add_f32.c -o .\CortexM3\ARM_GCC_541\Debug\arm_add_f32.o
arm-none-eabi-gcc.exe -mcpu=cortex-m3 -mthumb -I..\DSP\Include -I..\DSP\Include\dsp -I. -IGenerated_Source\PSoC5 -Wa,-alh=.\CortexM3\ARM_GCC_541\Debug/arm_dot_prod_f32.lst -g -D DEBUG -D CY_CORE_ID=0 -Wall -ffunction-sections -ffat-lto-objects -Og -c arm_dot_prod_f32.c -o .\CortexM3\ARM_GCC_541\Debug\arm_dot_prod_f32.o
arm-none-eabi-gcc.exe -mcpu=cortex-m3 -mthumb -I..\DSP\Include -I..\DSP\Include\dsp -I. -IGenerated_Source\PSoC5 -Wa,-alh=.\CortexM3\ARM_GCC_541\Debug/arm_mat_init_f32.lst -g -D DEBUG -D CY_CORE_ID=0 -Wall -ffunction-sections -ffat-lto-objects -Og -c arm_mat_init_f32.c -o .\CortexM3\ARM_GCC_541\Debug\arm_mat_init_f32.o
arm-none-eabi-gcc.exe -mcpu=cortex-m3 -mthumb -I..\DSP\Include -I..\DSP\Include\dsp -I. -IGenerated_Source\PSoC5 -Wa,-alh=.\CortexM3\ARM_GCC_541\Debug/arm_mat_mult_f32.lst -g -D DEBUG -D CY_CORE_ID=0 -Wall -ffunction-sections -ffat-lto-objects -Og -c arm_mat_mult_f32.c -o .\CortexM3\ARM_GCC_541\Debug\arm_mat_mult_f32.o
arm-none-eabi-gcc.exe -mcpu=cortex-m3 -mthumb -I..\DSP\Include -I..\DSP\Include\dsp -I. -IGenerated_Source\PSoC5 -Wa,-alh=.\CortexM3\ARM_GCC_541\Debug/arm_scale_f32.lst -g -D DEBUG -D CY_CORE_ID=0 -Wall -ffunction-sections -ffat-lto-objects -Og -c arm_scale_f32.c -o .\CortexM3\ARM_GCC_541\Debug\arm_scale_f32.o
arm-none-eabi-gcc.exe -mcpu=cortex-m3 -mthumb -I..\DSP\Include -I..\DSP\Include\dsp -I. -IGenerated_Source\PSoC5 -Wa,-alh=.\CortexM3\ARM_GCC_541\Debug/arm_dot_prod_q31.lst -g -D DEBUG -D CY_CORE_ID=0 -Wall -ffunction-sections -ffat-lto-objects -Og -c arm_dot_prod_q31.c -o .\CortexM3\ARM_GCC_541\Debug\arm_dot_prod_q31.o
arm-none-eabi-gcc.exe -mcpu=cortex-m3 -mthumb -I..\DSP\Include -I..\DSP\Include\dsp -I. -IGenerated_Source\PSoC5 -Wa,-alh=.\CortexM3\ARM_GCC_541\Debug/arm_scale_q31.lst -g -D DEBUG -D CY_CORE_ID=0 -Wall -ffunction-sections -ffat-lto-objects -Og -c arm_scale_q31.c -o .\CortexM3\ARM_GCC_541\Debug\arm_scale_q31.o
arm-none-eabi-gcc.exe -mcpu=cortex-m3 -mthumb -I..\DSP\Include -I..\DSP\Include\dsp -I. -IGenerated_Source\PSoC5 -Wa,-alh=.\CortexM3\ARM_GCC_541\Debug/arm_add_q31.lst -g -D DEBUG -D CY_CORE_ID=0 -Wall -ffunction-sections -ffat-lto-objects -Og -c arm_add_q31.c -o .\CortexM3\ARM_GCC_541\Debug\arm_add_q31.o
arm-none-eabi-gcc.exe -mcpu=cortex-m3 -mthumb -I..\DSP\Include -I..\DSP\Include\dsp -I. -IGenerated_Source\PSoC5 -Wa,-alh=.\CortexM3\ARM_GCC_541\Debug/arm_float_to_q31.lst -g -D DEBUG -D CY_CORE_ID=0 -Wall -ffunction-sections -ffat-lto-objects -Og -c arm_float_to_q31.c -o .\CortexM3\ARM_GCC_541\Debug\arm_float_to_q31.o
arm-none-eabi-gcc.exe -mcpu=cortex-m3 -mthumb -I..\DSP\Include -I..\DSP\Include\dsp -I. -IGenerated_Source\PSoC5 -Wa,-alh=.\CortexM3\ARM_GCC_541\Debug/arm_q31_to_float.lst -g -D DEBUG -D CY_CORE_ID=0 -Wall -ffunction-sections -ffat-lto-objects -Og -c arm_q31_to_float.c -o .\CortexM3\ARM_GCC_541\Debug\arm_q31_to_float.o
arm-none-eabi-gcc.exe -mcpu=cortex-m3 -mthumb -I..\DSP\Include -I..\DSP\Include\dsp -I. -IGenerated_Source\PSoC5 -Wa,-alh=.\CortexM3\ARM_GCC_541\Debug/arm_dot_prod_q15.lst -g -D DEBUG -D CY_CORE_ID=0 -Wall -ffunction-sections -ffat-lto-objects -Og -c arm_dot_prod_q15.c -o .\CortexM3\ARM_GCC_541\Debug\arm_dot_prod_q15.o
arm-none-eabi-gcc.exe -mcpu=cortex-m3 -mthumb -I..\DSP\Include -I..\DSP\Include\dsp -I. -IGenerated_Source\PSoC5 -Wa,-alh=.\CortexM3\ARM_GCC_541\Debug/arm_scale_q15.lst -g -D DEBUG -D CY_CORE_ID=0 -Wall -ffunction-sections -ffat-lto-objects -Og -c arm_scale_q15.c -o .\CortexM3\ARM_GCC_541\Debug\arm_scale_q15.o
arm-none-eabi-gcc.exe -mcpu=cortex-m3 -mthumb -I..\DSP\Include -I..\DSP\Include\dsp -I. -IGenerated_Source\PSoC5 -Wa,-alh=.\CortexM3\ARM_GCC_541\Debug/arm_add_q15.lst -g -D DEBUG -D CY_CORE_ID=0 -Wall -ffunction-sections -ffat-lto-objects -Og -c arm_add_q15.c -o .\CortexM3\ARM_GCC_541\Debug\arm_add_q15.o
arm-none-eabi-gcc.exe -mcpu=cortex-m3 -mthumb -I..\DSP\Include -I..\DSP\Include\dsp -I. -IGenerated_Source\PSoC5 -Wa,-alh=.\CortexM3\ARM_GCC_541\Debug/arm_float_to_q15.lst -g -D DEBUG -D CY_CORE_ID=0 -Wall -ffunction-sections -ffat-lto-objects -Og -c arm_float_to_q15.c -o .\CortexM3\ARM_GCC_541\Debug\arm_float_to_q15.o
arm-none-eabi-gcc.exe -mcpu=cortex-m3 -mthumb -I..\DSP\Include -I..\DSP\Include\dsp -I. -IGenerated_Source\PSoC5 -Wa,-alh=.\CortexM3\ARM_GCC_541\Debug/arm_q15_to_float.lst -g -D DEBUG -D CY_CORE_ID=0 -Wall -ffunction-sections -ffat-lto-objects -Og -c arm_q15_to_float.c -o .\CortexM3\ARM_GCC_541\Debug\arm_q15_to_float.o
arm-none-eabi-gcc.exe -mcpu=cortex-m3 -mthumb -I..\DSP\Include -I..\DSP\Include\dsp -I. -IGenerated_Source\PSoC5 -Wa,-alh=.\CortexM3\ARM_GCC_541\Debug/arm_dot_prod_q7.lst -g -D DEBUG -D CY_CORE_ID=0 -Wall -ffunction-sections -ffat-lto-objects -Og -c arm_dot_prod_q7.c -o .\CortexM3\ARM_GCC_541\Debug\arm_dot_prod_q7.o
arm-none-eabi-gcc.exe -mcpu=cortex-m3 -mthumb -I..\DSP\Include -I..\DSP\Include\dsp -I. -IGenerated_Source\PSoC5 -Wa,-alh=.\CortexM3\ARM_GCC_541\Debug/arm_scale_q7.lst -g -D DEBUG -D CY_CORE_ID=0 -Wall -ffunction-sections -ffat-lto-objects -Og -c arm_scale_q7.c -o .\CortexM3\ARM_GCC_541\Debug\arm_scale_q7.o
arm-none-eabi-gcc.exe -mcpu=cortex-m3 -mthumb -I..\DSP\Include -I..\DSP\Include\dsp -I. -IGenerated_Source\PSoC5 -Wa,-alh=.\CortexM3\ARM_GCC_541\Debug/arm_add_q7.lst -g -D DEBUG -D CY_CORE_ID=0 -Wall -ffunction-sections -ffat-lto-objects -Og -c arm_add_q7.c -o .\CortexM3\ARM_GCC_541\Debug\arm_add_q7.o
arm-none-eabi-gcc.exe -mcpu=cortex-m3 -mthumb -I..\DSP\Include -I..\DSP\Include\dsp -I. -IGenerated_Source\PSoC5 -Wa,-alh=.\CortexM3\ARM_GCC_541\Debug/arm_float_to_q7.lst -g -D DEBUG -D CY_CORE_ID=0 -Wall -ffunction-sections -ffat-lto-objects -Og -c arm_float_to_q7.c -o .\CortexM3\ARM_GCC_541\Debug\arm_float_to_q7.o
arm-none-eabi-gcc.exe -mcpu=cortex-m3 -mthumb -I..\DSP\Include -I..\DSP\Include\dsp -I. -IGenerated_Source\PSoC5 -Wa,-alh=.\CortexM3\ARM_GCC_541\Debug/arm_q7_to_float.lst -g -D DEBUG -D CY_CORE_ID=0 -Wall -ffunction-sections -ffat-lto-objects -Og -c arm_q7_to_float.c -o .\CortexM3\ARM_GCC_541\Debug\arm_q7_to_float.o
arm-none-eabi-gcc.exe -mcpu=cortex-m3 -mthumb -I..\DSP\Include -I..\DSP\Include\dsp -I. -IGenerated_Source\PSoC5 -Wa,-alh=.\CortexM3\ARM_GCC_541\Debug/cyfitter_cfg.lst -g -D DEBUG -D CY_CORE_ID=0 -Wall -ffunction-sections -ffat-lto-objects -Og -c Generated_Source\PSoC5\cyfitter_cfg.c -o .\CortexM3\ARM_GCC_541\Debug\cyfitter_cfg.o
arm-none-eabi-gcc.exe -mcpu=cortex-m3 -mthumb -I..\DSP\Include -I..\DSP\Include\dsp -I. -IGenerated_Source\PSoC5 -Wa,-alh=.\CortexM3\ARM_GCC_541\Debug/cymetadata.lst -g -D DEBUG -D CY_CORE_ID=0 -Wall -ffunction-sections -ffat-lto-objects -Og -c Generated_Source\PSoC5\cymetadata.c -o .\CortexM3\ARM_GCC_541\Debug\cymetadata.o
arm-none-eabi-gcc.exe -mcpu=cortex-m3 -mthumb -I..\DSP\Include -I..\DSP\Include\dsp -I. -IGenerated_Source\PSoC5 -Wa,-alh=.\CortexM3\ARM_GCC_541\Debug/Timer_1.lst -g -D DEBUG -D CY_CORE_ID=0 -Wall -ffunction-sections -ffat-lto-objects -Og -c Generated_Source\PSoC5\Timer_1.c -o .\CortexM3\ARM_GCC_541\Debug\Timer_1.o
arm-none-eabi-gcc.exe -mcpu=cortex-m3 -mthumb -I..\DSP\Include -I..\DSP\Include\dsp -I. -IGenerated_Source\PSoC5 -Wa,-alh=.\CortexM3\ARM_GCC_541\Debug/Timer_1_PM.lst -g -D DEBUG -D CY_CORE_ID=0 -Wall -ffunction-sections -ffat-lto-objects -Og -c Generated_Source\PSoC5\Timer_1_PM.c -o .\CortexM3\ARM_GCC_541\Debug\Timer_1_PM.o
arm-none-eabi-gcc.exe -mcpu=cortex-m3 -mthumb -I..\DSP\Include -I..\DSP\Include\dsp -I. -IGenerated_Source\PSoC5 -Wa,-alh=.\CortexM3\ARM_GCC_541\Debug/QuadDec_1.lst -g -D DEBUG -D CY_CORE_ID=0 -Wall -ffunction-sections -ffat-lto-objects -Og -c Generated_Source\PSoC5\QuadDec_1.c -o .\CortexM3\ARM_GCC_541\Debug\QuadDec_1.o
arm-none-eabi-gcc.exe -mcpu=cortex-m3 -mthumb -I..\DSP\Include -I..\DSP\Include\dsp -I. -IGenerated_Source\PSoC5 -Wa,-alh=.\CortexM3\ARM_GCC_541\Debug/QuadDec_1_INT.lst -g -D DEBUG -D CY_CORE_ID=0 -Wall -ffunction-sections -ffat-lto-objects -Og -c Generated_Source\PSoC5\QuadDec_1_INT.c -o .\CortexM3\ARM_GCC_541\Debug\QuadDec_1_INT.o
arm-none-eabi-gcc.exe -mcpu=cortex-m3 -mthumb -I..\DSP\Include -I..\DSP\Include\dsp -I. -IGenerated_Source\PSoC5 -Wa,-alh=.\CortexM3\ARM_GCC_541\Debug/QuadDec_1_PM.lst -g -D DEBUG -D CY_CORE_ID=0 -Wall -ffunction-sections -ffat-lto-objects -Og -c Generated_Source\PSoC5\QuadDec_1_PM.c -o .\CortexM3\ARM_GCC_541\Debug\QuadDec_1_PM.o
arm-none-eabi-gcc.exe -mcpu=cortex-m3 -mthumb -I..\DSP\Include -I..\DSP\Include\dsp -I. -IGenerated_Source\PSoC5 -Wa,-alh=.\CortexM3\ARM_GCC_541\Debug/isr_1.lst -g -D DEBUG -D CY_CORE_ID=0 -Wall -ffunction-sections -ffat-lto-objects -Og -c Generated_Source\PSoC5\isr_1.c -o .\CortexM3\ARM_GCC_541\Debug\isr_1.o
arm-none-eabi-gcc.exe -mcpu=cortex-m3 -mthumb -I..\DSP\Include -I..\DSP\Include\dsp -I. -IGenerated_Source\PSoC5 -Wa,-alh=.\CortexM3\ARM_GCC_541\Debug/QuadDec_2.lst -g -D DEBUG -D CY_CORE_ID=0 -Wall -ffunction-sections -ffat-lto-objects -Og -c Generated_Source\PSoC5\QuadDec_2.c -o .\CortexM3\ARM_GCC_541\Debug\QuadDec_2.o
arm-none-eabi-gcc.exe -mcpu=cortex-m3 -mthumb -I..\DSP\Include -I..\DSP\Include\dsp -I. -IGenerated_Source\PSoC5 -Wa,-alh=.\CortexM3\ARM_GCC_541\Debug/QuadDec_2_INT.lst -g -D DEBUG -D CY_CORE_ID=0 -Wall -ffunction-sections -ffat-lto-objects -Og -c Generated_Source\PSoC5\QuadDec_2_INT.c -o .\CortexM3\ARM_GCC_541\Debug\QuadDec_2_INT.o
arm-none-eabi-gcc.exe -mcpu=cortex-m3 -mthumb -I..\DSP\Include -I..\DSP\Include\dsp -I. -IGenerated_Source\PSoC5 -Wa,-alh=.\CortexM3\ARM_GCC_541\Debug/QuadDec_2_PM.lst -g -D DEBUG -D CY_CORE_ID=0 -Wall -ffunction-sections -ffat-lto-objects -Og -c Generated_Source\PSoC5\QuadDec_2_PM.c -o .\CortexM3\ARM_GCC_541\Debug\QuadDec_2_PM.o
arm-none-eabi-gcc.exe -mcpu=cortex-m3 -mthumb -I..\DSP\Include -I..\DSP\Include\dsp -I. -IGenerated_Source\PSoC5 -Wa,-alh=.\CortexM3\ARM_GCC_541\Debug/quad_A_pendulo.lst -g -D DEBUG -D CY_CORE_ID=0 -Wall -ffunction-sections -ffat-lto-objects -Og -c Generated_Source\PSoC5\quad_A_pendulo.c -o .\CortexM3\ARM_GCC_541\Debug\quad_A_pendulo.o
arm-none-eabi-gcc.exe -mcpu=cortex-m3 -mthumb -I..\DSP\Include -I..\DSP\Include\dsp -I. -IGenerated_Source\PSoC5 -Wa,-alh=.\CortexM3\ARM_GCC_541\Debug/quad_B_pendulo.lst -g -D DEBUG -D CY_CORE_ID=0 -Wall -ffunction-sections -ffat-lto-objects -Og -c Generated_Source\PSoC5\quad_B_pendulo.c -o .\CortexM3\ARM_GCC_541\Debug\quad_B_pendulo.o
arm-none-eabi-gcc.exe -mcpu=cortex-m3 -mthumb -I..\DSP\Include -I..\DSP\Include\dsp -I. -IGenerated_Source\PSoC5 -Wa,-alh=.\CortexM3\ARM_GCC_541\Debug/quad_A_motor.lst -g -D DEBUG -D CY_CORE_ID=0 -Wall -ffunction-sections -ffat-lto-objects -Og -c Generated_Source\PSoC5\quad_A_motor.c -o .\CortexM3\ARM_GCC_541\Debug\quad_A_motor.o
arm-none-eabi-gcc.exe -mcpu=cortex-m3 -mthumb -I..\DSP\Include -I..\DSP\Include\dsp -I. -IGenerated_Source\PSoC5 -Wa,-alh=.\CortexM3\ARM_GCC_541\Debug/quad_B_motor.lst -g -D DEBUG -D CY_CORE_ID=0 -Wall -ffunction-sections -ffat-lto-objects -Og -c Generated_Source\PSoC5\quad_B_motor.c -o .\CortexM3\ARM_GCC_541\Debug\quad_B_motor.o
arm-none-eabi-gcc.exe -mcpu=cortex-m3 -mthumb -I..\DSP\Include -I..\DSP\Include\dsp -I. -IGenerated_Source\PSoC5 -Wa,-alh=.\CortexM3\ARM_GCC_541\Debug/QuadDec_1_isr.lst -g -D DEBUG -D CY_CORE_ID=0 -Wall -ffunction-sections -ffat-lto-objects -Og -c Generated_Source\PSoC5\QuadDec_1_isr.c -o .\CortexM3\ARM_GCC_541\Debug\QuadDec_1_isr.o
arm-none-eabi-gcc.exe -mcpu=cortex-m3 -mthumb -I..\DSP\Include -I..\DSP\Include\dsp -I. -IGenerated_Source\PSoC5 -Wa,-alh=.\CortexM3\ARM_GCC_541\Debug/QuadDec_1_Cnt16.lst -g -D DEBUG -D CY_CORE_ID=0 -Wall -ffunction-sections -ffat-lto-objects -Og -c Generated_Source\PSoC5\QuadDec_1_Cnt16.c -o .\CortexM3\ARM_GCC_541\Debug\QuadDec_1_Cnt16.o
arm-none-eabi-gcc.exe -mcpu=cortex-m3 -mthumb -I..\DSP\Include -I..\DSP\Include\dsp -I. -IGenerated_Source\PSoC5 -Wa,-alh=.\CortexM3\ARM_GCC_541\Debug/QuadDec_1_Cnt16_PM.lst -g -D DEBUG -D CY_CORE_ID=0 -Wall -ffunction-sections -ffat-lto-objects -Og -c Generated_Source\PSoC5\QuadDec_1_Cnt16_PM.c -o .\CortexM3\ARM_GCC_541\Debug\QuadDec_1_Cnt16_PM.o
arm-none-eabi-gcc.exe -mcpu=cortex-m3 -mthumb -I..\DSP\Include -I..\DSP\Include\dsp -I. -IGenerated_Source\PSoC5 -Wa,-alh=.\CortexM3\ARM_GCC_541\Debug/QuadDec_2_isr.lst -g -D DEBUG -D CY_CORE_ID=0 -Wall -ffunction-sections -ffat-lto-objects -Og -c Generated_Source\PSoC5\QuadDec_2_isr.c -o .\CortexM3\ARM_GCC_541\Debug\QuadDec_2_isr.o
arm-none-eabi-gcc.exe -mcpu=cortex-m3 -mthumb -I..\DSP\Include -I..\DSP\Include\dsp -I. -IGenerated_Source\PSoC5 -Wa,-alh=.\CortexM3\ARM_GCC_541\Debug/QuadDec_2_Cnt16.lst -g -D DEBUG -D CY_CORE_ID=0 -Wall -ffunction-sections -ffat-lto-objects -Og -c Generated_Source\PSoC5\QuadDec_2_Cnt16.c -o .\CortexM3\ARM_GCC_541\Debug\QuadDec_2_Cnt16.o
arm-none-eabi-gcc.exe -mcpu=cortex-m3 -mthumb -I..\DSP\Include -I..\DSP\Include\dsp -I. -IGenerated_Source\PSoC5 -Wa,-alh=.\CortexM3\ARM_GCC_541\Debug/QuadDec_2_Cnt16_PM.lst -g -D DEBUG -D CY_CORE_ID=0 -Wall -ffunction-sections -ffat-lto-objects -Og -c Generated_Source\PSoC5\QuadDec_2_Cnt16_PM.c -o .\CortexM3\ARM_GCC_541\Debug\QuadDec_2_Cnt16_PM.o
arm-none-eabi-gcc.exe -mcpu=cortex-m3 -mthumb -I..\DSP\Include -I..\DSP\Include\dsp -I. -IGenerated_Source\PSoC5 -Wa,-alh=.\CortexM3\ARM_GCC_541\Debug/Cm3Start.lst -g -D DEBUG -D CY_CORE_ID=0 -Wall -ffunction-sections -ffat-lto-objects -Og -c Generated_Source\PSoC5\Cm3Start.c -o .\CortexM3\ARM_GCC_541\Debug\Cm3Start.o
arm-none-eabi-gcc.exe -mcpu=cortex-m3 -mthumb -I..\DSP\Include -I..\DSP\Include\dsp -I. -IGenerated_Source\PSoC5 -Wa,-alh=.\CortexM3\ARM_GCC_541\Debug/CyDmac.lst -g -D DEBUG -D CY_CORE_ID=0 -Wall -ffunction-sections -ffat-lto-objects -Og -c Generated_Source\PSoC5\CyDmac.c -o .\CortexM3\ARM_GCC_541\Debug\CyDmac.o
arm-none-eabi-gcc.exe -mcpu=cortex-m3 -mthumb -I..\DSP\Include -I..\DSP\Include\dsp -I. -IGenerated_Source\PSoC5 -Wa,-alh=.\CortexM3\ARM_GCC_541\Debug/CyFlash.lst -g -D DEBUG -D CY_CORE_ID=0 -Wall -ffunction-sections -ffat-lto-objects -Og -c Generated_Source\PSoC5\CyFlash.c -o .\CortexM3\ARM_GCC_541\Debug\CyFlash.o
arm-none-eabi-gcc.exe -mcpu=cortex-m3 -mthumb -I..\DSP\Include -I..\DSP\Include\dsp -I. -IGenerated_Source\PSoC5 -Wa,-alh=.\CortexM3\ARM_GCC_541\Debug/CyLib.lst -g -D DEBUG -D CY_CORE_ID=0 -Wall -ffunction-sections -ffat-lto-objects -Og -c Generated_Source\PSoC5\CyLib.c -o .\CortexM3\ARM_GCC_541\Debug\CyLib.o
arm-none-eabi-gcc.exe -mcpu=cortex-m3 -mthumb -I..\DSP\Include -I..\DSP\Include\dsp -I. -IGenerated_Source\PSoC5 -Wa,-alh=.\CortexM3\ARM_GCC_541\Debug/cyPm.lst -g -D DEBUG -D CY_CORE_ID=0 -Wall -ffunction-sections -ffat-lto-objects -Og -c Generated_Source\PSoC5\cyPm.c -o .\CortexM3\ARM_GCC_541\Debug\cyPm.o
arm-none-eabi-gcc.exe -mcpu=cortex-m3 -mthumb -I..\DSP\Include -I..\DSP\Include\dsp -I. -IGenerated_Source\PSoC5 -Wa,-alh=.\CortexM3\ARM_GCC_541\Debug/CySpc.lst -g -D DEBUG -D CY_CORE_ID=0 -Wall -ffunction-sections -ffat-lto-objects -Og -c Generated_Source\PSoC5\CySpc.c -o .\CortexM3\ARM_GCC_541\Debug\CySpc.o
arm-none-eabi-gcc.exe -mcpu=cortex-m3 -mthumb -I..\DSP\Include -I..\DSP\Include\dsp -I. -IGenerated_Source\PSoC5 -Wa,-alh=.\CortexM3\ARM_GCC_541\Debug/cyutils.lst -g -D DEBUG -D CY_CORE_ID=0 -Wall -ffunction-sections -ffat-lto-objects -Og -c Generated_Source\PSoC5\cyutils.c -o .\CortexM3\ARM_GCC_541\Debug\cyutils.o
arm-none-eabi-gcc.exe -mcpu=cortex-m3 -mthumb -I..\DSP\Include -I..\DSP\Include\dsp -I. -IGenerated_Source\PSoC5 -Wa,-alh=.\CortexM3\ARM_GCC_541\Debug/cy_em_eeprom.lst -g -D DEBUG -D CY_CORE_ID=0 -Wall -ffunction-sections -ffat-lto-objects -Og -c Generated_Source\PSoC5\cy_em_eeprom.c -o .\CortexM3\ARM_GCC_541\Debug\cy_em_eeprom.o
arm-none-eabi-gcc.exe -mcpu=cortex-m3 -mthumb -I..\DSP\Include -I..\DSP\Include\dsp -I. -IGenerated_Source\PSoC5 -Wa,-alh=.\CortexM3\ARM_GCC_541\Debug/Pin_ENA.lst -g -D DEBUG -D CY_CORE_ID=0 -Wall -ffunction-sections -ffat-lto-objects -Og -c Generated_Source\PSoC5\Pin_ENA.c -o .\CortexM3\ARM_GCC_541\Debug\Pin_ENA.o
arm-none-eabi-gcc.exe -mcpu=cortex-m3 -mthumb -I..\DSP\Include -I..\DSP\Include\dsp -I. -IGenerated_Source\PSoC5 -Wa,-alh=.\CortexM3\ARM_GCC_541\Debug/PWM_Motor.lst -g -D DEBUG -D CY_CORE_ID=0 -Wall -ffunction-sections -ffat-lto-objects -Og -c Generated_Source\PSoC5\PWM_Motor.c -o .\CortexM3\ARM_GCC_541\Debug\PWM_Motor.o
arm-none-eabi-gcc.exe -mcpu=cortex-m3 -mthumb -I..\DSP\Include -I..\DSP\Include\dsp -I. -IGenerated_Source\PSoC5 -Wa,-alh=.\CortexM3\ARM_GCC_541\Debug/PWM_Motor_PM.lst -g -D DEBUG -D CY_CORE_ID=0 -Wall -ffunction-sections -ffat-lto-objects -Og -c Generated_Source\PSoC5\PWM_Motor_PM.c -o .\CortexM3\ARM_GCC_541\Debug\PWM_Motor_PM.o
arm-none-eabi-gcc.exe -mcpu=cortex-m3 -mthumb -I..\DSP\Include -I..\DSP\Include\dsp -I. -IGenerated_Source\PSoC5 -Wa,-alh=.\CortexM3\ARM_GCC_541\Debug/BUS_CLK.lst -g -D DEBUG -D CY_CORE_ID=0 -Wall -ffunction-sections -ffat-lto-objects -Og -c Generated_Source\PSoC5\BUS_CLK.c -o .\CortexM3\ARM_GCC_541\Debug\BUS_CLK.o
arm-none-eabi-gcc.exe -mcpu=cortex-m3 -mthumb -I..\DSP\Include -I..\DSP\Include\dsp -I. -IGenerated_Source\PSoC5 -Wa,-alh=.\CortexM3\ARM_GCC_541\Debug/Pin_IN1.lst -g -D DEBUG -D CY_CORE_ID=0 -Wall -ffunction-sections -ffat-lto-objects -Og -c Generated_Source\PSoC5\Pin_IN1.c -o .\CortexM3\ARM_GCC_541\Debug\Pin_IN1.o
arm-none-eabi-gcc.exe -mcpu=cortex-m3 -mthumb -I..\DSP\Include -I..\DSP\Include\dsp -I. -IGenerated_Source\PSoC5 -Wa,-alh=.\CortexM3\ARM_GCC_541\Debug/Pin_IN2.lst -g -D DEBUG -D CY_CORE_ID=0 -Wall -ffunction-sections -ffat-lto-objects -Og -c Generated_Source\PSoC5\Pin_IN2.c -o .\CortexM3\ARM_GCC_541\Debug\Pin_IN2.o
arm-none-eabi-gcc.exe -mcpu=cortex-m3 -mthumb -I..\DSP\Include -I..\DSP\Include\dsp -I. -IGenerated_Source\PSoC5 -Wa,-alh=.\CortexM3\ARM_GCC_541\Debug/UART_1.lst -g -D DEBUG -D CY_CORE_ID=0 -Wall -ffunction-sections -ffat-lto-objects -Og -c Generated_Source\PSoC5\UART_1.c -o .\CortexM3\ARM_GCC_541\Debug\UART_1.o
arm-none-eabi-gcc.exe -mcpu=cortex-m3 -mthumb -I..\DSP\Include -I..\DSP\Include\dsp -I. -IGenerated_Source\PSoC5 -Wa,-alh=.\CortexM3\ARM_GCC_541\Debug/UART_1_PM.lst -g -D DEBUG -D CY_CORE_ID=0 -Wall -ffunction-sections -ffat-lto-objects -Og -c Generated_Source\PSoC5\UART_1_PM.c -o .\CortexM3\ARM_GCC_541\Debug\UART_1_PM.o
arm-none-eabi-gcc.exe -mcpu=cortex-m3 -mthumb -I..\DSP\Include -I..\DSP\Include\dsp -I. -IGenerated_Source\PSoC5 -Wa,-alh=.\CortexM3\ARM_GCC_541\Debug/UART_1_INT.lst -g -D DEBUG -D CY_CORE_ID=0 -Wall -ffunction-sections -ffat-lto-objects -Og -c Generated_Source\PSoC5\UART_1_INT.c -o .\CortexM3\ARM_GCC_541\Debug\UART_1_INT.o
arm-none-eabi-gcc.exe -mcpu=cortex-m3 -mthumb -I..\DSP\Include -I..\DSP\Include\dsp -I. -IGenerated_Source\PSoC5 -Wa,-alh=.\CortexM3\ARM_GCC_541\Debug/UART_1_BOOT.lst -g -D DEBUG -D CY_CORE_ID=0 -Wall -ffunction-sections -ffat-lto-objects -Og -c Generated_Source\PSoC5\UART_1_BOOT.c -o .\CortexM3\ARM_GCC_541\Debug\UART_1_BOOT.o
arm-none-eabi-gcc.exe -mcpu=cortex-m3 -mthumb -I..\DSP\Include -I..\DSP\Include\dsp -I. -IGenerated_Source\PSoC5 -Wa,-alh=.\CortexM3\ARM_GCC_541\Debug/UART_1_IntClock.lst -g -D DEBUG -D CY_CORE_ID=0 -Wall -ffunction-sections -ffat-lto-objects -Og -c Generated_Source\PSoC5\UART_1_IntClock.c -o .\CortexM3\ARM_GCC_541\Debug\UART_1_IntClock.o
arm-none-eabi-gcc.exe -mcpu=cortex-m3 -mthumb -I..\DSP\Include -I..\DSP\Include\dsp -I. -IGenerated_Source\PSoC5 -Wa,-alh=.\CortexM3\ARM_GCC_541\Debug/isr_2.lst -g -D DEBUG -D CY_CORE_ID=0 -Wall -ffunction-sections -ffat-lto-objects -Og -c Generated_Source\PSoC5\isr_2.c -o .\CortexM3\ARM_GCC_541\Debug\isr_2.o
arm-none-eabi-gcc.exe -mcpu=cortex-m3 -mthumb -I..\DSP\Include -I..\DSP\Include\dsp -I. -IGenerated_Source\PSoC5 -Wa,-alh=.\CortexM3\ARM_GCC_541\Debug/tc_timer.lst -g -D DEBUG -D CY_CORE_ID=0 -Wall -ffunction-sections -ffat-lto-objects -Og -c Generated_Source\PSoC5\tc_timer.c -o .\CortexM3\ARM_GCC_541\Debug\tc_timer.o
arm-none-eabi-gcc.exe -mcpu=cortex-m3 -mthumb -I..\DSP\Include -I..\DSP\Include\dsp -I. -IGenerated_Source\PSoC5 -Wa,-alh=.\CortexM3\ARM_GCC_541\Debug/pin_flag.lst -g -D DEBUG -D CY_CORE_ID=0 -Wall -ffunction-sections -ffat-lto-objects -Og -c Generated_Source\PSoC5\pin_flag.c -o .\CortexM3\ARM_GCC_541\Debug\pin_flag.o
arm-none-eabi-as.exe -mcpu=cortex-m3 -mthumb -I. -IGenerated_Source\PSoC5 -alh=.\CortexM3\ARM_GCC_541\Debug/CyBootAsmGnu.lst -g -W -o .\CortexM3\ARM_GCC_541\Debug\CyBootAsmGnu.o Generated_Source\PSoC5\CyBootAsmGnu.s
arm-none-eabi-ar.exe -rs ".\CortexM3\ARM_GCC_541\Debug\4 - Pendulo.a" .\CortexM3\ARM_GCC_541\Debug\Timer_1.o .\CortexM3\ARM_GCC_541\Debug\Timer_1_PM.o .\CortexM3\ARM_GCC_541\Debug\QuadDec_1.o .\CortexM3\ARM_GCC_541\Debug\QuadDec_1_INT.o .\CortexM3\ARM_GCC_541\Debug\QuadDec_1_PM.o .\CortexM3\ARM_GCC_541\Debug\isr_1.o .\CortexM3\ARM_GCC_541\Debug\QuadDec_2.o .\CortexM3\ARM_GCC_541\Debug\QuadDec_2_INT.o .\CortexM3\ARM_GCC_541\Debug\QuadDec_2_PM.o .\CortexM3\ARM_GCC_541\Debug\quad_A_pendulo.o .\CortexM3\ARM_GCC_541\Debug\quad_B_pendulo.o .\CortexM3\ARM_GCC_541\Debug\quad_A_motor.o .\CortexM3\ARM_GCC_541\Debug\quad_B_motor.o .\CortexM3\ARM_GCC_541\Debug\QuadDec_1_isr.o .\CortexM3\ARM_GCC_541\Debug\QuadDec_1_Cnt16.o .\CortexM3\ARM_GCC_541\Debug\QuadDec_1_Cnt16_PM.o .\CortexM3\ARM_GCC_541\Debug\QuadDec_2_isr.o .\CortexM3\ARM_GCC_541\Debug\QuadDec_2_Cnt16.o .\CortexM3\ARM_GCC_541\Debug\QuadDec_2_Cnt16_PM.o .\CortexM3\ARM_GCC_541\Debug\CyDmac.o .\CortexM3\ARM_GCC_541\Debug\CyFlash.o .\CortexM3\ARM_GCC_541\Debug\CyLib.o .\CortexM3\ARM_GCC_541\Debug\cyPm.o .\CortexM3\ARM_GCC_541\Debug\CySpc.o .\CortexM3\ARM_GCC_541\Debug\cyutils.o .\CortexM3\ARM_GCC_541\Debug\cy_em_eeprom.o .\CortexM3\ARM_GCC_541\Debug\Pin_ENA.o .\CortexM3\ARM_GCC_541\Debug\PWM_Motor.o .\CortexM3\ARM_GCC_541\Debug\PWM_Motor_PM.o .\CortexM3\ARM_GCC_541\Debug\BUS_CLK.o .\CortexM3\ARM_GCC_541\Debug\Pin_IN1.o .\CortexM3\ARM_GCC_541\Debug\Pin_IN2.o .\CortexM3\ARM_GCC_541\Debug\UART_1.o .\CortexM3\ARM_GCC_541\Debug\UART_1_PM.o .\CortexM3\ARM_GCC_541\Debug\UART_1_INT.o .\CortexM3\ARM_GCC_541\Debug\UART_1_BOOT.o .\CortexM3\ARM_GCC_541\Debug\UART_1_IntClock.o .\CortexM3\ARM_GCC_541\Debug\isr_2.o .\CortexM3\ARM_GCC_541\Debug\tc_timer.o .\CortexM3\ARM_GCC_541\Debug\pin_flag.o .\CortexM3\ARM_GCC_541\Debug\CyBootAsmGnu.o
arm-none-eabi-ar.exe: creating .\CortexM3\ARM_GCC_541\Debug\4 - Pendulo.a
arm-none-eabi-gcc.exe -Wl,--start-group -o "D:\PSoc\Auto\TPF\TPF_PenduloInvertido\4 - Pendulo.cydsn\CortexM3\ARM_GCC_541\Debug\4 - Pendulo.elf" .\CortexM3\ARM_GCC_541\Debug\main.o .\CortexM3\ARM_GCC_541\Debug\motor.o .\CortexM3\ARM_GCC_541\Debug\pid.o .\CortexM3\ARM_GCC_541\Debug\pendulo.o .\CortexM3\ARM_GCC_541\Debug\uartp_pend.o .\CortexM3\ARM_GCC_541\Debug\ctrl_pend.o .\CortexM3\ARM_GCC_541\Debug\uartp2.o .\CortexM3\ARM_GCC_541\Debug\arm_add_f32.o .\CortexM3\ARM_GCC_541\Debug\arm_dot_prod_f32.o .\CortexM3\ARM_GCC_541\Debug\arm_mat_init_f32.o .\CortexM3\ARM_GCC_541\Debug\arm_mat_mult_f32.o .\CortexM3\ARM_GCC_541\Debug\arm_scale_f32.o .\CortexM3\ARM_GCC_541\Debug\arm_dot_prod_q31.o .\CortexM3\ARM_GCC_541\Debug\arm_scale_q31.o .\CortexM3\ARM_GCC_541\Debug\arm_add_q31.o .\CortexM3\ARM_GCC_541\Debug\arm_float_to_q31.o .\CortexM3\ARM_GCC_541\Debug\arm_q31_to_float.o .\CortexM3\ARM_GCC_541\Debug\arm_dot_prod_q15.o .\CortexM3\ARM_GCC_541\Debug\arm_scale_q15.o .\CortexM3\ARM_GCC_541\Debug\arm_add_q15.o .\CortexM3\ARM_GCC_541\Debug\arm_float_to_q15.o .\CortexM3\ARM_GCC_541\Debug\arm_q15_to_float.o .\CortexM3\ARM_GCC_541\Debug\arm_dot_prod_q7.o .\CortexM3\ARM_GCC_541\Debug\arm_scale_q7.o .\CortexM3\ARM_GCC_541\Debug\arm_add_q7.o .\CortexM3\ARM_GCC_541\Debug\arm_float_to_q7.o .\CortexM3\ARM_GCC_541\Debug\arm_q7_to_float.o .\CortexM3\ARM_GCC_541\Debug\cyfitter_cfg.o .\CortexM3\ARM_GCC_541\Debug\cymetadata.o .\CortexM3\ARM_GCC_541\Debug\Cm3Start.o ".\CortexM3\ARM_GCC_541\Debug\4 - Pendulo.a" "D:\PSoc\PSoC Creator\4.4\PSoC Creator\psoc\content\cycomponentlibrary\CyComponentLibrary.cylib\CortexM3\ARM_GCC_541\Debug\CyComponentLibrary.a" -mcpu=cortex-m3 -mthumb -l m -L Generated_Source\PSoC5 -L ..\DSP\Source\BasicMathFunctions -L ..\DSP\Source\FilteringFunctions -L ..\DSP\Include\dsp -L ..\DSP\Include -L ..\DSP "-Wl,-Map,.\CortexM3\ARM_GCC_541\Debug/4 - Pendulo.map" -T Generated_Source\PSoC5\cm3gcc.ld -specs=nano.specs -Wl,--gc-sections -g -ffunction-sections -Og -ffat-lto-objects -Wl,--end-group
cyelftool.exe -C "D:\PSoc\Auto\TPF\TPF_PenduloInvertido\4 - Pendulo.cydsn\CortexM3\ARM_GCC_541\Debug\4 - Pendulo.elf" --flash_row_size 256 --flash_size 262144 --flash_offset 0x00000000
No ELF section .cychecksum found, creating one
Application checksum calculated and stored in ELF section .cychecksum
Checksum calculated and stored in ELF section .cymeta
cyelftool.exe -S "D:\PSoc\Auto\TPF\TPF_PenduloInvertido\4 - Pendulo.cydsn\CortexM3\ARM_GCC_541\Debug\4 - Pendulo.elf"
Flash used: 21206 of 262144 bytes (8,1 %).
SRAM used: 4385 of 65536 bytes (6,7 %). Stack: 2048 bytes. Heap: 128 bytes.
--------------- Rebuild Succeeded: 04/07/2026 18:24:03 ---------------
