ARM GAS  C:\Users\user\AppData\Local\Temp\ccQXzeha.s 			page 1


   1              		.syntax unified
   2              		.cpu cortex-m3
   3              		.fpu softvfp
   4              		.eabi_attribute 20, 1
   5              		.eabi_attribute 21, 1
   6              		.eabi_attribute 23, 3
   7              		.eabi_attribute 24, 1
   8              		.eabi_attribute 25, 1
   9              		.eabi_attribute 26, 1
  10              		.eabi_attribute 30, 1
  11              		.eabi_attribute 34, 1
  12              		.eabi_attribute 18, 4
  13              		.thumb
  14              		.syntax unified
  15              		.file	"pid.c"
  16              		.text
  17              	.Ltext0:
  18              		.cfi_sections	.debug_frame
  19              		.global	__aeabi_fsub
  20              		.global	__aeabi_fmul
  21              		.global	__aeabi_fadd
  22              		.global	__aeabi_fcmpgt
  23              		.global	__aeabi_fcmplt
  24              		.global	__aeabi_fdiv
  25              		.section	.text.PID_Compute,"ax",%progbits
  26              		.align	2
  27              		.global	PID_Compute
  28              		.thumb
  29              		.thumb_func
  30              		.type	PID_Compute, %function
  31              	PID_Compute:
  32              	.LFB63:
  33              		.file 1 "pid.c"
   1:pid.c         **** #include "pid.h"
   2:pid.c         **** #include "motor.h"   /* SAMPLE_TIME_S */
   3:pid.c         **** 
   4:pid.c         **** float PID_Compute(PID_t *pid, float setpoint, float measured)
   5:pid.c         **** {
  34              		.loc 1 5 0
  35              		.cfi_startproc
  36              		@ args = 0, pretend = 0, frame = 0
  37              		@ frame_needed = 0, uses_anonymous_args = 0
  38              	.LVL0:
  39 0000 2DE9F843 		push	{r3, r4, r5, r6, r7, r8, r9, lr}
  40              		.cfi_def_cfa_offset 32
  41              		.cfi_offset 3, -32
  42              		.cfi_offset 4, -28
  43              		.cfi_offset 5, -24
  44              		.cfi_offset 6, -20
  45              		.cfi_offset 7, -16
  46              		.cfi_offset 8, -12
  47              		.cfi_offset 9, -8
  48              		.cfi_offset 14, -4
  49 0004 0446     		mov	r4, r0
  50 0006 0846     		mov	r0, r1
  51              	.LVL1:
   6:pid.c         ****     float error  = setpoint - measured;
ARM GAS  C:\Users\user\AppData\Local\Temp\ccQXzeha.s 			page 2


  52              		.loc 1 6 0
  53 0008 1146     		mov	r1, r2
  54              	.LVL2:
  55 000a FFF7FEFF 		bl	__aeabi_fsub
  56              	.LVL3:
  57 000e 0646     		mov	r6, r0
  58              	.LVL4:
   7:pid.c         ****     float p_term = pid->kp * error;
  59              		.loc 1 7 0
  60 0010 2168     		ldr	r1, [r4]	@ float
  61 0012 FFF7FEFF 		bl	__aeabi_fmul
  62              	.LVL5:
  63 0016 8046     		mov	r8, r0
  64              	.LVL6:
   8:pid.c         **** 
   9:pid.c         ****     /* Integrador con anti-windup por saturación (clamping) */
  10:pid.c         ****     pid->integrator += pid->ki * error * SAMPLE_TIME_S;
  65              		.loc 1 10 0
  66 0018 6168     		ldr	r1, [r4, #4]	@ float
  67 001a 3046     		mov	r0, r6
  68              	.LVL7:
  69 001c FFF7FEFF 		bl	__aeabi_fmul
  70              	.LVL8:
  71 0020 1E49     		ldr	r1, .L11
  72 0022 FFF7FEFF 		bl	__aeabi_fmul
  73              	.LVL9:
  74 0026 E168     		ldr	r1, [r4, #12]	@ float
  75 0028 FFF7FEFF 		bl	__aeabi_fadd
  76              	.LVL10:
  77 002c 0746     		mov	r7, r0
  78 002e E060     		str	r0, [r4, #12]	@ float
  11:pid.c         ****     if      (pid->integrator > pid->out_max) pid->integrator = pid->out_max;
  79              		.loc 1 11 0
  80 0030 6569     		ldr	r5, [r4, #20]	@ float
  81 0032 2946     		mov	r1, r5
  82 0034 FFF7FEFF 		bl	__aeabi_fcmpgt
  83              	.LVL11:
  84 0038 08B1     		cbz	r0, .L9
  85              		.loc 1 11 0 is_stmt 0 discriminator 1
  86 003a E560     		str	r5, [r4, #12]	@ float
  87 003c 08E0     		b	.L4
  88              	.L9:
  12:pid.c         ****     else if (pid->integrator < pid->out_min) pid->integrator = pid->out_min;
  89              		.loc 1 12 0 is_stmt 1
  90 003e D4F81890 		ldr	r9, [r4, #24]	@ float
  91 0042 4946     		mov	r1, r9
  92 0044 3846     		mov	r0, r7
  93 0046 FFF7FEFF 		bl	__aeabi_fcmplt
  94              	.LVL12:
  95 004a 08B1     		cbz	r0, .L4
  96              		.loc 1 12 0 is_stmt 0 discriminator 1
  97 004c C4F80C90 		str	r9, [r4, #12]	@ float
  98              	.L4:
  13:pid.c         **** 
  14:pid.c         ****     float d_term = pid->kd * (error - pid->prev_error) / SAMPLE_TIME_S;
  99              		.loc 1 14 0 is_stmt 1
 100 0050 A768     		ldr	r7, [r4, #8]	@ float
ARM GAS  C:\Users\user\AppData\Local\Temp\ccQXzeha.s 			page 3


 101 0052 2169     		ldr	r1, [r4, #16]	@ float
 102 0054 3046     		mov	r0, r6
 103 0056 FFF7FEFF 		bl	__aeabi_fsub
 104              	.LVL13:
 105 005a 0146     		mov	r1, r0
 106 005c 3846     		mov	r0, r7
 107 005e FFF7FEFF 		bl	__aeabi_fmul
 108              	.LVL14:
 109 0062 0E49     		ldr	r1, .L11
 110 0064 FFF7FEFF 		bl	__aeabi_fdiv
 111              	.LVL15:
 112 0068 0746     		mov	r7, r0
 113              	.LVL16:
  15:pid.c         ****     pid->prev_error = error;
 114              		.loc 1 15 0
 115 006a 2661     		str	r6, [r4, #16]	@ float
  16:pid.c         **** 
  17:pid.c         ****     float output = p_term + pid->integrator + d_term;
 116              		.loc 1 17 0
 117 006c E168     		ldr	r1, [r4, #12]	@ float
 118 006e 4046     		mov	r0, r8
 119              	.LVL17:
 120 0070 FFF7FEFF 		bl	__aeabi_fadd
 121              	.LVL18:
 122 0074 0146     		mov	r1, r0
 123 0076 3846     		mov	r0, r7
 124 0078 FFF7FEFF 		bl	__aeabi_fadd
 125              	.LVL19:
 126 007c 0646     		mov	r6, r0
 127              	.LVL20:
  18:pid.c         ****     if      (output > pid->out_max) output = pid->out_max;
 128              		.loc 1 18 0
 129 007e 0146     		mov	r1, r0
 130 0080 2846     		mov	r0, r5
 131              	.LVL21:
 132 0082 FFF7FEFF 		bl	__aeabi_fcmplt
 133              	.LVL22:
 134 0086 30B9     		cbnz	r0, .L6
  19:pid.c         ****     else if (output < pid->out_min) output = pid->out_min;
 135              		.loc 1 19 0
 136 0088 A569     		ldr	r5, [r4, #24]	@ float
 137 008a 2946     		mov	r1, r5
 138 008c 3046     		mov	r0, r6
 139 008e FFF7FEFF 		bl	__aeabi_fcmplt
 140              	.LVL23:
 141 0092 00B9     		cbnz	r0, .L6
  17:pid.c         ****     if      (output > pid->out_max) output = pid->out_max;
 142              		.loc 1 17 0
 143 0094 3546     		mov	r5, r6
 144              	.L6:
 145              	.LVL24:
  20:pid.c         **** 
  21:pid.c         ****     return output;
  22:pid.c         **** }
 146              		.loc 1 22 0
 147 0096 2846     		mov	r0, r5
 148 0098 BDE8F883 		pop	{r3, r4, r5, r6, r7, r8, r9, pc}
ARM GAS  C:\Users\user\AppData\Local\Temp\ccQXzeha.s 			page 4


 149              	.LVL25:
 150              	.L12:
 151              		.align	2
 152              	.L11:
 153 009c 0AD7A33B 		.word	1000593162
 154              		.cfi_endproc
 155              	.LFE63:
 156              		.size	PID_Compute, .-PID_Compute
 157              		.section	.text.PID_Reset,"ax",%progbits
 158              		.align	2
 159              		.global	PID_Reset
 160              		.thumb
 161              		.thumb_func
 162              		.type	PID_Reset, %function
 163              	PID_Reset:
 164              	.LFB64:
  23:pid.c         **** 
  24:pid.c         **** void PID_Reset(PID_t *pid)
  25:pid.c         **** {
 165              		.loc 1 25 0
 166              		.cfi_startproc
 167              		@ args = 0, pretend = 0, frame = 0
 168              		@ frame_needed = 0, uses_anonymous_args = 0
 169              		@ link register save eliminated.
 170              	.LVL26:
  26:pid.c         ****     pid->integrator = 0.0f;
 171              		.loc 1 26 0
 172 0000 0023     		movs	r3, #0
 173 0002 C360     		str	r3, [r0, #12]	@ float
  27:pid.c         ****     pid->prev_error  = 0.0f;
 174              		.loc 1 27 0
 175 0004 0361     		str	r3, [r0, #16]	@ float
 176 0006 7047     		bx	lr
 177              		.cfi_endproc
 178              	.LFE64:
 179              		.size	PID_Reset, .-PID_Reset
 180              		.text
 181              	.Letext0:
 182              		.file 2 "pid.h"
 183              		.file 3 "d:\\psoc\\psoc creator\\4.4\\psoc creator\\import\\gnu\\arm\\5.4.1\\arm-none-eabi\\includ
 184              		.file 4 "d:\\psoc\\psoc creator\\4.4\\psoc creator\\import\\gnu\\arm\\5.4.1\\arm-none-eabi\\includ
 185              		.file 5 "./core_cm3.h"
 186              		.section	.debug_info,"",%progbits
 187              	.Ldebug_info0:
 188 0000 C3010000 		.4byte	0x1c3
 189 0004 0400     		.2byte	0x4
 190 0006 00000000 		.4byte	.Ldebug_abbrev0
 191 000a 04       		.byte	0x4
 192 000b 01       		.uleb128 0x1
 193 000c 70000000 		.4byte	.LASF27
 194 0010 0C       		.byte	0xc
 195 0011 30000000 		.4byte	.LASF28
 196 0015 8A010000 		.4byte	.LASF29
 197 0019 00000000 		.4byte	.Ldebug_ranges0+0
 198 001d 00000000 		.4byte	0
 199 0021 00000000 		.4byte	.Ldebug_line0
 200 0025 02       		.uleb128 0x2
ARM GAS  C:\Users\user\AppData\Local\Temp\ccQXzeha.s 			page 5


 201 0026 04       		.byte	0x4
 202 0027 04       		.byte	0x4
 203 0028 45000000 		.4byte	.LASF4
 204 002c 03       		.uleb128 0x3
 205 002d 1C       		.byte	0x1c
 206 002e 02       		.byte	0x2
 207 002f 04       		.byte	0x4
 208 0030 86000000 		.4byte	0x86
 209 0034 04       		.uleb128 0x4
 210 0035 6B7000   		.ascii	"kp\000"
 211 0038 02       		.byte	0x2
 212 0039 05       		.byte	0x5
 213 003a 25000000 		.4byte	0x25
 214 003e 00       		.byte	0
 215 003f 04       		.uleb128 0x4
 216 0040 6B6900   		.ascii	"ki\000"
 217 0043 02       		.byte	0x2
 218 0044 06       		.byte	0x6
 219 0045 25000000 		.4byte	0x25
 220 0049 04       		.byte	0x4
 221 004a 04       		.uleb128 0x4
 222 004b 6B6400   		.ascii	"kd\000"
 223 004e 02       		.byte	0x2
 224 004f 07       		.byte	0x7
 225 0050 25000000 		.4byte	0x25
 226 0054 08       		.byte	0x8
 227 0055 05       		.uleb128 0x5
 228 0056 09000000 		.4byte	.LASF0
 229 005a 02       		.byte	0x2
 230 005b 08       		.byte	0x8
 231 005c 25000000 		.4byte	0x25
 232 0060 0C       		.byte	0xc
 233 0061 05       		.uleb128 0x5
 234 0062 1E000000 		.4byte	.LASF1
 235 0066 02       		.byte	0x2
 236 0067 09       		.byte	0x9
 237 0068 25000000 		.4byte	0x25
 238 006c 10       		.byte	0x10
 239 006d 05       		.uleb128 0x5
 240 006e 36000000 		.4byte	.LASF2
 241 0072 02       		.byte	0x2
 242 0073 0A       		.byte	0xa
 243 0074 25000000 		.4byte	0x25
 244 0078 14       		.byte	0x14
 245 0079 05       		.uleb128 0x5
 246 007a 23010000 		.4byte	.LASF3
 247 007e 02       		.byte	0x2
 248 007f 0B       		.byte	0xb
 249 0080 25000000 		.4byte	0x25
 250 0084 18       		.byte	0x18
 251 0085 00       		.byte	0
 252 0086 06       		.uleb128 0x6
 253 0087 38010000 		.4byte	.LASF9
 254 008b 02       		.byte	0x2
 255 008c 0C       		.byte	0xc
 256 008d 2C000000 		.4byte	0x2c
 257 0091 02       		.uleb128 0x2
ARM GAS  C:\Users\user\AppData\Local\Temp\ccQXzeha.s 			page 6


 258 0092 01       		.byte	0x1
 259 0093 06       		.byte	0x6
 260 0094 F9010000 		.4byte	.LASF5
 261 0098 02       		.uleb128 0x2
 262 0099 01       		.byte	0x1
 263 009a 08       		.byte	0x8
 264 009b 62000000 		.4byte	.LASF6
 265 009f 02       		.uleb128 0x2
 266 00a0 02       		.byte	0x2
 267 00a1 05       		.byte	0x5
 268 00a2 C7010000 		.4byte	.LASF7
 269 00a6 02       		.uleb128 0x2
 270 00a7 02       		.byte	0x2
 271 00a8 07       		.byte	0x7
 272 00a9 10010000 		.4byte	.LASF8
 273 00ad 06       		.uleb128 0x6
 274 00ae 14000000 		.4byte	.LASF10
 275 00b2 03       		.byte	0x3
 276 00b3 3F       		.byte	0x3f
 277 00b4 B8000000 		.4byte	0xb8
 278 00b8 02       		.uleb128 0x2
 279 00b9 04       		.byte	0x4
 280 00ba 05       		.byte	0x5
 281 00bb E4010000 		.4byte	.LASF11
 282 00bf 02       		.uleb128 0x2
 283 00c0 04       		.byte	0x4
 284 00c1 07       		.byte	0x7
 285 00c2 FE000000 		.4byte	.LASF12
 286 00c6 02       		.uleb128 0x2
 287 00c7 08       		.byte	0x8
 288 00c8 05       		.byte	0x5
 289 00c9 7C010000 		.4byte	.LASF13
 290 00cd 02       		.uleb128 0x2
 291 00ce 08       		.byte	0x8
 292 00cf 07       		.byte	0x7
 293 00d0 4B000000 		.4byte	.LASF14
 294 00d4 07       		.uleb128 0x7
 295 00d5 04       		.byte	0x4
 296 00d6 05       		.byte	0x5
 297 00d7 696E7400 		.ascii	"int\000"
 298 00db 02       		.uleb128 0x2
 299 00dc 04       		.byte	0x4
 300 00dd 07       		.byte	0x7
 301 00de 3E010000 		.4byte	.LASF15
 302 00e2 06       		.uleb128 0x6
 303 00e3 65010000 		.4byte	.LASF16
 304 00e7 04       		.byte	0x4
 305 00e8 2C       		.byte	0x2c
 306 00e9 AD000000 		.4byte	0xad
 307 00ed 02       		.uleb128 0x2
 308 00ee 08       		.byte	0x8
 309 00ef 04       		.byte	0x4
 310 00f0 29000000 		.4byte	.LASF17
 311 00f4 02       		.uleb128 0x2
 312 00f5 01       		.byte	0x1
 313 00f6 08       		.byte	0x8
 314 00f7 C2010000 		.4byte	.LASF18
ARM GAS  C:\Users\user\AppData\Local\Temp\ccQXzeha.s 			page 7


 315 00fb 02       		.uleb128 0x2
 316 00fc 08       		.byte	0x8
 317 00fd 04       		.byte	0x4
 318 00fe ED010000 		.4byte	.LASF19
 319 0102 02       		.uleb128 0x2
 320 0103 04       		.byte	0x4
 321 0104 07       		.byte	0x7
 322 0105 6D010000 		.4byte	.LASF20
 323 0109 08       		.uleb128 0x8
 324 010a D8010000 		.4byte	.LASF30
 325 010e 01       		.byte	0x1
 326 010f 04       		.byte	0x4
 327 0110 25000000 		.4byte	0x25
 328 0114 00000000 		.4byte	.LFB63
 329 0118 A0000000 		.4byte	.LFE63-.LFB63
 330 011c 01       		.uleb128 0x1
 331 011d 9C       		.byte	0x9c
 332 011e 8C010000 		.4byte	0x18c
 333 0122 09       		.uleb128 0x9
 334 0123 70696400 		.ascii	"pid\000"
 335 0127 01       		.byte	0x1
 336 0128 04       		.byte	0x4
 337 0129 8C010000 		.4byte	0x18c
 338 012d 00000000 		.4byte	.LLST0
 339 0131 0A       		.uleb128 0xa
 340 0132 4B010000 		.4byte	.LASF21
 341 0136 01       		.byte	0x1
 342 0137 04       		.byte	0x4
 343 0138 25000000 		.4byte	0x25
 344 013c 2C000000 		.4byte	.LLST1
 345 0140 0A       		.uleb128 0xa
 346 0141 00000000 		.4byte	.LASF22
 347 0145 01       		.byte	0x1
 348 0146 04       		.byte	0x4
 349 0147 25000000 		.4byte	0x25
 350 014b 5A000000 		.4byte	.LLST2
 351 014f 0B       		.uleb128 0xb
 352 0150 76010000 		.4byte	.LASF23
 353 0154 01       		.byte	0x1
 354 0155 06       		.byte	0x6
 355 0156 25000000 		.4byte	0x25
 356 015a 7D000000 		.4byte	.LLST3
 357 015e 0B       		.uleb128 0xb
 358 015f 3E000000 		.4byte	.LASF24
 359 0163 01       		.byte	0x1
 360 0164 07       		.byte	0x7
 361 0165 25000000 		.4byte	0x25
 362 0169 9B000000 		.4byte	.LLST4
 363 016d 0B       		.uleb128 0xb
 364 016e 5E010000 		.4byte	.LASF25
 365 0172 01       		.byte	0x1
 366 0173 0E       		.byte	0xe
 367 0174 25000000 		.4byte	0x25
 368 0178 B9000000 		.4byte	.LLST5
 369 017c 0B       		.uleb128 0xb
 370 017d D1010000 		.4byte	.LASF26
 371 0181 01       		.byte	0x1
ARM GAS  C:\Users\user\AppData\Local\Temp\ccQXzeha.s 			page 8


 372 0182 11       		.byte	0x11
 373 0183 25000000 		.4byte	0x25
 374 0187 D7000000 		.4byte	.LLST6
 375 018b 00       		.byte	0
 376 018c 0C       		.uleb128 0xc
 377 018d 04       		.byte	0x4
 378 018e 86000000 		.4byte	0x86
 379 0192 0D       		.uleb128 0xd
 380 0193 54010000 		.4byte	.LASF31
 381 0197 01       		.byte	0x1
 382 0198 18       		.byte	0x18
 383 0199 00000000 		.4byte	.LFB64
 384 019d 08000000 		.4byte	.LFE64-.LFB64
 385 01a1 01       		.uleb128 0x1
 386 01a2 9C       		.byte	0x9c
 387 01a3 B5010000 		.4byte	0x1b5
 388 01a7 0E       		.uleb128 0xe
 389 01a8 70696400 		.ascii	"pid\000"
 390 01ac 01       		.byte	0x1
 391 01ad 18       		.byte	0x18
 392 01ae 8C010000 		.4byte	0x18c
 393 01b2 01       		.uleb128 0x1
 394 01b3 50       		.byte	0x50
 395 01b4 00       		.byte	0
 396 01b5 0F       		.uleb128 0xf
 397 01b6 2B010000 		.4byte	.LASF32
 398 01ba 05       		.byte	0x5
 399 01bb 9606     		.2byte	0x696
 400 01bd C1010000 		.4byte	0x1c1
 401 01c1 10       		.uleb128 0x10
 402 01c2 E2000000 		.4byte	0xe2
 403 01c6 00       		.byte	0
 404              		.section	.debug_abbrev,"",%progbits
 405              	.Ldebug_abbrev0:
 406 0000 01       		.uleb128 0x1
 407 0001 11       		.uleb128 0x11
 408 0002 01       		.byte	0x1
 409 0003 25       		.uleb128 0x25
 410 0004 0E       		.uleb128 0xe
 411 0005 13       		.uleb128 0x13
 412 0006 0B       		.uleb128 0xb
 413 0007 03       		.uleb128 0x3
 414 0008 0E       		.uleb128 0xe
 415 0009 1B       		.uleb128 0x1b
 416 000a 0E       		.uleb128 0xe
 417 000b 55       		.uleb128 0x55
 418 000c 17       		.uleb128 0x17
 419 000d 11       		.uleb128 0x11
 420 000e 01       		.uleb128 0x1
 421 000f 10       		.uleb128 0x10
 422 0010 17       		.uleb128 0x17
 423 0011 00       		.byte	0
 424 0012 00       		.byte	0
 425 0013 02       		.uleb128 0x2
 426 0014 24       		.uleb128 0x24
 427 0015 00       		.byte	0
 428 0016 0B       		.uleb128 0xb
ARM GAS  C:\Users\user\AppData\Local\Temp\ccQXzeha.s 			page 9


 429 0017 0B       		.uleb128 0xb
 430 0018 3E       		.uleb128 0x3e
 431 0019 0B       		.uleb128 0xb
 432 001a 03       		.uleb128 0x3
 433 001b 0E       		.uleb128 0xe
 434 001c 00       		.byte	0
 435 001d 00       		.byte	0
 436 001e 03       		.uleb128 0x3
 437 001f 13       		.uleb128 0x13
 438 0020 01       		.byte	0x1
 439 0021 0B       		.uleb128 0xb
 440 0022 0B       		.uleb128 0xb
 441 0023 3A       		.uleb128 0x3a
 442 0024 0B       		.uleb128 0xb
 443 0025 3B       		.uleb128 0x3b
 444 0026 0B       		.uleb128 0xb
 445 0027 01       		.uleb128 0x1
 446 0028 13       		.uleb128 0x13
 447 0029 00       		.byte	0
 448 002a 00       		.byte	0
 449 002b 04       		.uleb128 0x4
 450 002c 0D       		.uleb128 0xd
 451 002d 00       		.byte	0
 452 002e 03       		.uleb128 0x3
 453 002f 08       		.uleb128 0x8
 454 0030 3A       		.uleb128 0x3a
 455 0031 0B       		.uleb128 0xb
 456 0032 3B       		.uleb128 0x3b
 457 0033 0B       		.uleb128 0xb
 458 0034 49       		.uleb128 0x49
 459 0035 13       		.uleb128 0x13
 460 0036 38       		.uleb128 0x38
 461 0037 0B       		.uleb128 0xb
 462 0038 00       		.byte	0
 463 0039 00       		.byte	0
 464 003a 05       		.uleb128 0x5
 465 003b 0D       		.uleb128 0xd
 466 003c 00       		.byte	0
 467 003d 03       		.uleb128 0x3
 468 003e 0E       		.uleb128 0xe
 469 003f 3A       		.uleb128 0x3a
 470 0040 0B       		.uleb128 0xb
 471 0041 3B       		.uleb128 0x3b
 472 0042 0B       		.uleb128 0xb
 473 0043 49       		.uleb128 0x49
 474 0044 13       		.uleb128 0x13
 475 0045 38       		.uleb128 0x38
 476 0046 0B       		.uleb128 0xb
 477 0047 00       		.byte	0
 478 0048 00       		.byte	0
 479 0049 06       		.uleb128 0x6
 480 004a 16       		.uleb128 0x16
 481 004b 00       		.byte	0
 482 004c 03       		.uleb128 0x3
 483 004d 0E       		.uleb128 0xe
 484 004e 3A       		.uleb128 0x3a
 485 004f 0B       		.uleb128 0xb
ARM GAS  C:\Users\user\AppData\Local\Temp\ccQXzeha.s 			page 10


 486 0050 3B       		.uleb128 0x3b
 487 0051 0B       		.uleb128 0xb
 488 0052 49       		.uleb128 0x49
 489 0053 13       		.uleb128 0x13
 490 0054 00       		.byte	0
 491 0055 00       		.byte	0
 492 0056 07       		.uleb128 0x7
 493 0057 24       		.uleb128 0x24
 494 0058 00       		.byte	0
 495 0059 0B       		.uleb128 0xb
 496 005a 0B       		.uleb128 0xb
 497 005b 3E       		.uleb128 0x3e
 498 005c 0B       		.uleb128 0xb
 499 005d 03       		.uleb128 0x3
 500 005e 08       		.uleb128 0x8
 501 005f 00       		.byte	0
 502 0060 00       		.byte	0
 503 0061 08       		.uleb128 0x8
 504 0062 2E       		.uleb128 0x2e
 505 0063 01       		.byte	0x1
 506 0064 3F       		.uleb128 0x3f
 507 0065 19       		.uleb128 0x19
 508 0066 03       		.uleb128 0x3
 509 0067 0E       		.uleb128 0xe
 510 0068 3A       		.uleb128 0x3a
 511 0069 0B       		.uleb128 0xb
 512 006a 3B       		.uleb128 0x3b
 513 006b 0B       		.uleb128 0xb
 514 006c 27       		.uleb128 0x27
 515 006d 19       		.uleb128 0x19
 516 006e 49       		.uleb128 0x49
 517 006f 13       		.uleb128 0x13
 518 0070 11       		.uleb128 0x11
 519 0071 01       		.uleb128 0x1
 520 0072 12       		.uleb128 0x12
 521 0073 06       		.uleb128 0x6
 522 0074 40       		.uleb128 0x40
 523 0075 18       		.uleb128 0x18
 524 0076 9642     		.uleb128 0x2116
 525 0078 19       		.uleb128 0x19
 526 0079 01       		.uleb128 0x1
 527 007a 13       		.uleb128 0x13
 528 007b 00       		.byte	0
 529 007c 00       		.byte	0
 530 007d 09       		.uleb128 0x9
 531 007e 05       		.uleb128 0x5
 532 007f 00       		.byte	0
 533 0080 03       		.uleb128 0x3
 534 0081 08       		.uleb128 0x8
 535 0082 3A       		.uleb128 0x3a
 536 0083 0B       		.uleb128 0xb
 537 0084 3B       		.uleb128 0x3b
 538 0085 0B       		.uleb128 0xb
 539 0086 49       		.uleb128 0x49
 540 0087 13       		.uleb128 0x13
 541 0088 02       		.uleb128 0x2
 542 0089 17       		.uleb128 0x17
ARM GAS  C:\Users\user\AppData\Local\Temp\ccQXzeha.s 			page 11


 543 008a 00       		.byte	0
 544 008b 00       		.byte	0
 545 008c 0A       		.uleb128 0xa
 546 008d 05       		.uleb128 0x5
 547 008e 00       		.byte	0
 548 008f 03       		.uleb128 0x3
 549 0090 0E       		.uleb128 0xe
 550 0091 3A       		.uleb128 0x3a
 551 0092 0B       		.uleb128 0xb
 552 0093 3B       		.uleb128 0x3b
 553 0094 0B       		.uleb128 0xb
 554 0095 49       		.uleb128 0x49
 555 0096 13       		.uleb128 0x13
 556 0097 02       		.uleb128 0x2
 557 0098 17       		.uleb128 0x17
 558 0099 00       		.byte	0
 559 009a 00       		.byte	0
 560 009b 0B       		.uleb128 0xb
 561 009c 34       		.uleb128 0x34
 562 009d 00       		.byte	0
 563 009e 03       		.uleb128 0x3
 564 009f 0E       		.uleb128 0xe
 565 00a0 3A       		.uleb128 0x3a
 566 00a1 0B       		.uleb128 0xb
 567 00a2 3B       		.uleb128 0x3b
 568 00a3 0B       		.uleb128 0xb
 569 00a4 49       		.uleb128 0x49
 570 00a5 13       		.uleb128 0x13
 571 00a6 02       		.uleb128 0x2
 572 00a7 17       		.uleb128 0x17
 573 00a8 00       		.byte	0
 574 00a9 00       		.byte	0
 575 00aa 0C       		.uleb128 0xc
 576 00ab 0F       		.uleb128 0xf
 577 00ac 00       		.byte	0
 578 00ad 0B       		.uleb128 0xb
 579 00ae 0B       		.uleb128 0xb
 580 00af 49       		.uleb128 0x49
 581 00b0 13       		.uleb128 0x13
 582 00b1 00       		.byte	0
 583 00b2 00       		.byte	0
 584 00b3 0D       		.uleb128 0xd
 585 00b4 2E       		.uleb128 0x2e
 586 00b5 01       		.byte	0x1
 587 00b6 3F       		.uleb128 0x3f
 588 00b7 19       		.uleb128 0x19
 589 00b8 03       		.uleb128 0x3
 590 00b9 0E       		.uleb128 0xe
 591 00ba 3A       		.uleb128 0x3a
 592 00bb 0B       		.uleb128 0xb
 593 00bc 3B       		.uleb128 0x3b
 594 00bd 0B       		.uleb128 0xb
 595 00be 27       		.uleb128 0x27
 596 00bf 19       		.uleb128 0x19
 597 00c0 11       		.uleb128 0x11
 598 00c1 01       		.uleb128 0x1
 599 00c2 12       		.uleb128 0x12
ARM GAS  C:\Users\user\AppData\Local\Temp\ccQXzeha.s 			page 12


 600 00c3 06       		.uleb128 0x6
 601 00c4 40       		.uleb128 0x40
 602 00c5 18       		.uleb128 0x18
 603 00c6 9742     		.uleb128 0x2117
 604 00c8 19       		.uleb128 0x19
 605 00c9 01       		.uleb128 0x1
 606 00ca 13       		.uleb128 0x13
 607 00cb 00       		.byte	0
 608 00cc 00       		.byte	0
 609 00cd 0E       		.uleb128 0xe
 610 00ce 05       		.uleb128 0x5
 611 00cf 00       		.byte	0
 612 00d0 03       		.uleb128 0x3
 613 00d1 08       		.uleb128 0x8
 614 00d2 3A       		.uleb128 0x3a
 615 00d3 0B       		.uleb128 0xb
 616 00d4 3B       		.uleb128 0x3b
 617 00d5 0B       		.uleb128 0xb
 618 00d6 49       		.uleb128 0x49
 619 00d7 13       		.uleb128 0x13
 620 00d8 02       		.uleb128 0x2
 621 00d9 18       		.uleb128 0x18
 622 00da 00       		.byte	0
 623 00db 00       		.byte	0
 624 00dc 0F       		.uleb128 0xf
 625 00dd 34       		.uleb128 0x34
 626 00de 00       		.byte	0
 627 00df 03       		.uleb128 0x3
 628 00e0 0E       		.uleb128 0xe
 629 00e1 3A       		.uleb128 0x3a
 630 00e2 0B       		.uleb128 0xb
 631 00e3 3B       		.uleb128 0x3b
 632 00e4 05       		.uleb128 0x5
 633 00e5 49       		.uleb128 0x49
 634 00e6 13       		.uleb128 0x13
 635 00e7 3F       		.uleb128 0x3f
 636 00e8 19       		.uleb128 0x19
 637 00e9 3C       		.uleb128 0x3c
 638 00ea 19       		.uleb128 0x19
 639 00eb 00       		.byte	0
 640 00ec 00       		.byte	0
 641 00ed 10       		.uleb128 0x10
 642 00ee 35       		.uleb128 0x35
 643 00ef 00       		.byte	0
 644 00f0 49       		.uleb128 0x49
 645 00f1 13       		.uleb128 0x13
 646 00f2 00       		.byte	0
 647 00f3 00       		.byte	0
 648 00f4 00       		.byte	0
 649              		.section	.debug_loc,"",%progbits
 650              	.Ldebug_loc0:
 651              	.LLST0:
 652 0000 00000000 		.4byte	.LVL0
 653 0004 08000000 		.4byte	.LVL1
 654 0008 0100     		.2byte	0x1
 655 000a 50       		.byte	0x50
 656 000b 08000000 		.4byte	.LVL1
ARM GAS  C:\Users\user\AppData\Local\Temp\ccQXzeha.s 			page 13


 657 000f 9C000000 		.4byte	.LVL25
 658 0013 0100     		.2byte	0x1
 659 0015 54       		.byte	0x54
 660 0016 9C000000 		.4byte	.LVL25
 661 001a A0000000 		.4byte	.LFE63
 662 001e 0400     		.2byte	0x4
 663 0020 F3       		.byte	0xf3
 664 0021 01       		.uleb128 0x1
 665 0022 50       		.byte	0x50
 666 0023 9F       		.byte	0x9f
 667 0024 00000000 		.4byte	0
 668 0028 00000000 		.4byte	0
 669              	.LLST1:
 670 002c 00000000 		.4byte	.LVL0
 671 0030 0A000000 		.4byte	.LVL2
 672 0034 0100     		.2byte	0x1
 673 0036 51       		.byte	0x51
 674 0037 0A000000 		.4byte	.LVL2
 675 003b 0D000000 		.4byte	.LVL3-1
 676 003f 0100     		.2byte	0x1
 677 0041 50       		.byte	0x50
 678 0042 0D000000 		.4byte	.LVL3-1
 679 0046 A0000000 		.4byte	.LFE63
 680 004a 0600     		.2byte	0x6
 681 004c F3       		.byte	0xf3
 682 004d 03       		.uleb128 0x3
 683 004e F5       		.byte	0xf5
 684 004f 01       		.uleb128 0x1
 685 0050 25       		.uleb128 0x25
 686 0051 9F       		.byte	0x9f
 687 0052 00000000 		.4byte	0
 688 0056 00000000 		.4byte	0
 689              	.LLST2:
 690 005a 00000000 		.4byte	.LVL0
 691 005e 0D000000 		.4byte	.LVL3-1
 692 0062 0100     		.2byte	0x1
 693 0064 52       		.byte	0x52
 694 0065 0D000000 		.4byte	.LVL3-1
 695 0069 A0000000 		.4byte	.LFE63
 696 006d 0600     		.2byte	0x6
 697 006f F3       		.byte	0xf3
 698 0070 03       		.uleb128 0x3
 699 0071 F5       		.byte	0xf5
 700 0072 02       		.uleb128 0x2
 701 0073 25       		.uleb128 0x25
 702 0074 9F       		.byte	0x9f
 703 0075 00000000 		.4byte	0
 704 0079 00000000 		.4byte	0
 705              	.LLST3:
 706 007d 10000000 		.4byte	.LVL4
 707 0081 15000000 		.4byte	.LVL5-1
 708 0085 0100     		.2byte	0x1
 709 0087 50       		.byte	0x50
 710 0088 15000000 		.4byte	.LVL5-1
 711 008c 7E000000 		.4byte	.LVL20
 712 0090 0100     		.2byte	0x1
 713 0092 56       		.byte	0x56
ARM GAS  C:\Users\user\AppData\Local\Temp\ccQXzeha.s 			page 14


 714 0093 00000000 		.4byte	0
 715 0097 00000000 		.4byte	0
 716              	.LLST4:
 717 009b 18000000 		.4byte	.LVL6
 718 009f 1C000000 		.4byte	.LVL7
 719 00a3 0100     		.2byte	0x1
 720 00a5 50       		.byte	0x50
 721 00a6 1C000000 		.4byte	.LVL7
 722 00aa 9C000000 		.4byte	.LVL25
 723 00ae 0100     		.2byte	0x1
 724 00b0 58       		.byte	0x58
 725 00b1 00000000 		.4byte	0
 726 00b5 00000000 		.4byte	0
 727              	.LLST5:
 728 00b9 6A000000 		.4byte	.LVL16
 729 00bd 70000000 		.4byte	.LVL17
 730 00c1 0100     		.2byte	0x1
 731 00c3 50       		.byte	0x50
 732 00c4 70000000 		.4byte	.LVL17
 733 00c8 9C000000 		.4byte	.LVL25
 734 00cc 0100     		.2byte	0x1
 735 00ce 57       		.byte	0x57
 736 00cf 00000000 		.4byte	0
 737 00d3 00000000 		.4byte	0
 738              	.LLST6:
 739 00d7 7E000000 		.4byte	.LVL20
 740 00db 82000000 		.4byte	.LVL21
 741 00df 0100     		.2byte	0x1
 742 00e1 50       		.byte	0x50
 743 00e2 82000000 		.4byte	.LVL21
 744 00e6 85000000 		.4byte	.LVL22-1
 745 00ea 0100     		.2byte	0x1
 746 00ec 51       		.byte	0x51
 747 00ed 85000000 		.4byte	.LVL22-1
 748 00f1 96000000 		.4byte	.LVL24
 749 00f5 0100     		.2byte	0x1
 750 00f7 56       		.byte	0x56
 751 00f8 96000000 		.4byte	.LVL24
 752 00fc 9C000000 		.4byte	.LVL25
 753 0100 0100     		.2byte	0x1
 754 0102 55       		.byte	0x55
 755 0103 9C000000 		.4byte	.LVL25
 756 0107 A0000000 		.4byte	.LFE63
 757 010b 0100     		.2byte	0x1
 758 010d 50       		.byte	0x50
 759 010e 00000000 		.4byte	0
 760 0112 00000000 		.4byte	0
 761              		.section	.debug_aranges,"",%progbits
 762 0000 24000000 		.4byte	0x24
 763 0004 0200     		.2byte	0x2
 764 0006 00000000 		.4byte	.Ldebug_info0
 765 000a 04       		.byte	0x4
 766 000b 00       		.byte	0
 767 000c 0000     		.2byte	0
 768 000e 0000     		.2byte	0
 769 0010 00000000 		.4byte	.LFB63
 770 0014 A0000000 		.4byte	.LFE63-.LFB63
ARM GAS  C:\Users\user\AppData\Local\Temp\ccQXzeha.s 			page 15


 771 0018 00000000 		.4byte	.LFB64
 772 001c 08000000 		.4byte	.LFE64-.LFB64
 773 0020 00000000 		.4byte	0
 774 0024 00000000 		.4byte	0
 775              		.section	.debug_ranges,"",%progbits
 776              	.Ldebug_ranges0:
 777 0000 00000000 		.4byte	.LFB63
 778 0004 A0000000 		.4byte	.LFE63
 779 0008 00000000 		.4byte	.LFB64
 780 000c 08000000 		.4byte	.LFE64
 781 0010 00000000 		.4byte	0
 782 0014 00000000 		.4byte	0
 783              		.section	.debug_line,"",%progbits
 784              	.Ldebug_line0:
 785 0000 42010000 		.section	.debug_str,"MS",%progbits,1
 785      02000401 
 785      00000201 
 785      FB0E0D00 
 785      01010101 
 786              	.LASF22:
 787 0000 6D656173 		.ascii	"measured\000"
 787      75726564 
 787      00
 788              	.LASF0:
 789 0009 696E7465 		.ascii	"integrator\000"
 789      67726174 
 789      6F7200
 790              	.LASF10:
 791 0014 5F5F696E 		.ascii	"__int32_t\000"
 791      7433325F 
 791      7400
 792              	.LASF1:
 793 001e 70726576 		.ascii	"prev_error\000"
 793      5F657272 
 793      6F7200
 794              	.LASF17:
 795 0029 646F7562 		.ascii	"double\000"
 795      6C6500
 796              	.LASF28:
 797 0030 7069642E 		.ascii	"pid.c\000"
 797      6300
 798              	.LASF2:
 799 0036 6F75745F 		.ascii	"out_max\000"
 799      6D617800 
 800              	.LASF24:
 801 003e 705F7465 		.ascii	"p_term\000"
 801      726D00
 802              	.LASF4:
 803 0045 666C6F61 		.ascii	"float\000"
 803      7400
 804              	.LASF14:
 805 004b 6C6F6E67 		.ascii	"long long unsigned int\000"
 805      206C6F6E 
 805      6720756E 
 805      7369676E 
 805      65642069 
 806              	.LASF6:
ARM GAS  C:\Users\user\AppData\Local\Temp\ccQXzeha.s 			page 16


 807 0062 756E7369 		.ascii	"unsigned char\000"
 807      676E6564 
 807      20636861 
 807      7200
 808              	.LASF27:
 809 0070 474E5520 		.ascii	"GNU C11 5.4.1 20160609 (release) [ARM/embedded-5-br"
 809      43313120 
 809      352E342E 
 809      31203230 
 809      31363036 
 810 00a3 616E6368 		.ascii	"anch revision 237715] -mcpu=cortex-m3 -mthumb -g -O"
 810      20726576 
 810      6973696F 
 810      6E203233 
 810      37373135 
 811 00d6 67202D66 		.ascii	"g -ffunction-sections -ffat-lto-objects\000"
 811      66756E63 
 811      74696F6E 
 811      2D736563 
 811      74696F6E 
 812              	.LASF12:
 813 00fe 6C6F6E67 		.ascii	"long unsigned int\000"
 813      20756E73 
 813      69676E65 
 813      6420696E 
 813      7400
 814              	.LASF8:
 815 0110 73686F72 		.ascii	"short unsigned int\000"
 815      7420756E 
 815      7369676E 
 815      65642069 
 815      6E7400
 816              	.LASF3:
 817 0123 6F75745F 		.ascii	"out_min\000"
 817      6D696E00 
 818              	.LASF32:
 819 012b 49544D5F 		.ascii	"ITM_RxBuffer\000"
 819      52784275 
 819      66666572 
 819      00
 820              	.LASF9:
 821 0138 5049445F 		.ascii	"PID_t\000"
 821      7400
 822              	.LASF15:
 823 013e 756E7369 		.ascii	"unsigned int\000"
 823      676E6564 
 823      20696E74 
 823      00
 824              	.LASF21:
 825 014b 73657470 		.ascii	"setpoint\000"
 825      6F696E74 
 825      00
 826              	.LASF31:
 827 0154 5049445F 		.ascii	"PID_Reset\000"
 827      52657365 
 827      7400
 828              	.LASF25:
ARM GAS  C:\Users\user\AppData\Local\Temp\ccQXzeha.s 			page 17


 829 015e 645F7465 		.ascii	"d_term\000"
 829      726D00
 830              	.LASF16:
 831 0165 696E7433 		.ascii	"int32_t\000"
 831      325F7400 
 832              	.LASF20:
 833 016d 73697A65 		.ascii	"sizetype\000"
 833      74797065 
 833      00
 834              	.LASF23:
 835 0176 6572726F 		.ascii	"error\000"
 835      7200
 836              	.LASF13:
 837 017c 6C6F6E67 		.ascii	"long long int\000"
 837      206C6F6E 
 837      6720696E 
 837      7400
 838              	.LASF29:
 839 018a 443A5C50 		.ascii	"D:\\PSoc\\Auto\\TPF\\TPF_PenduloInvertido\\4 - Pend"
 839      536F635C 
 839      4175746F 
 839      5C545046 
 839      5C545046 
 840 01b8 756C6F2E 		.ascii	"ulo.cydsn\000"
 840      63796473 
 840      6E00
 841              	.LASF18:
 842 01c2 63686172 		.ascii	"char\000"
 842      00
 843              	.LASF7:
 844 01c7 73686F72 		.ascii	"short int\000"
 844      7420696E 
 844      7400
 845              	.LASF26:
 846 01d1 6F757470 		.ascii	"output\000"
 846      757400
 847              	.LASF30:
 848 01d8 5049445F 		.ascii	"PID_Compute\000"
 848      436F6D70 
 848      75746500 
 849              	.LASF11:
 850 01e4 6C6F6E67 		.ascii	"long int\000"
 850      20696E74 
 850      00
 851              	.LASF19:
 852 01ed 6C6F6E67 		.ascii	"long double\000"
 852      20646F75 
 852      626C6500 
 853              	.LASF5:
 854 01f9 7369676E 		.ascii	"signed char\000"
 854      65642063 
 854      68617200 
 855              		.ident	"GCC: (GNU Tools for ARM Embedded Processors) 5.4.1 20160609 (release) [ARM/embedded-5-bran
