--------------- Build Started: 03/30/2026 17:21:00 Project: 3 - ControladorMotor, Configuration: ARM GCC 5.4-2016-q2-update Debug ---------------
cydsfit.exe -.appdatapath "C:\Users\user\AppData\Local\Cypress Semiconductor\PSoC Creator\4.4" -.fdsnotice -.fdswarpdepfile=warp_dependencies.txt -.fdselabdepfile=elab_dependencies.txt -.fdsbldfile=generated_files.txt -.fdsreffile=referenced_files.txt -p "D:\PSoc\Auto\TPF\TPF_PenduloInvertido\3 - ControladorMotor.cydsn\3 - ControladorMotor.cyprj" -d CY8C5888LTI-LP097 -s "D:\PSoc\Auto\TPF\TPF_PenduloInvertido\3 - ControladorMotor.cydsn\Generated_Source\PSoC5" -- -yv2 -q10 -ygs -o2 -v3 -.fftcfgtype=LE
Elaborating Design...
HDL Generation...
Synthesis...
Tech Mapping...
ADD: pft.M0040: information: The following 2 pin(s) will be assigned a location by the fitter: quad_A_pendulo(0), quad_B_pendulo(0)
Analog Placement...
Log: apr.M0058: The analog placement iterative improvement is 36% done. (App=cydsfit)
Log: apr.M0058: The analog placement iterative improvement is 62% done. (App=cydsfit)
Log: apr.M0058: The analog placement iterative improvement is 89% done. (App=cydsfit)
Analog Routing...
Analog Code Generation...
Digital Placement...
Digital Routing...
Bitstream Generation...
Bitstream Verification...
Static timing analysis...
API Generation...
Dependency Generation...
Cleanup...
--------------- Build Succeeded: 03/30/2026 17:21:20 ---------------
